
  .   ____          _            __ _ _
 /\\ / ___'_ __ _ _(_)_ __  __ _ \ \ \ \
( ( )\___ | '_ | '_| | '_ \/ _` | \ \ \ \
 \\/  ___)| |_)| | | | | || (_| |  ) ) ) )
  '  |____| .__|_| |_|_| |_\__, | / / / /
 =========|_|==============|___/=/_/_/_/
 :: Spring Boot ::                (v2.6.6)

2026-03-20 20:21:47.184  INFO 35712 --- [           main] c.e.t.TradingSystemApplication           : Starting TradingSystemApplication using Java 23.0.2 on LAPTOP-CVVHH0GJ with PID 35712 (E:\ASUS\Github\MyNewTradingSystem\backend\tradingSystem\build\libs\tradingSystem-0.0.1-SNAPSHOT.jar started by ASUS in E:\ASUS\Github\MyNewTradingSystem\backend\tradingSystem)
2026-03-20 20:21:47.220  INFO 35712 --- [           main] c.e.t.TradingSystemApplication           : No active profile set, falling back to 1 default profile: "default"
2026-03-20 20:21:59.574  INFO 35712 --- [           main] o.s.b.w.embedded.tomcat.TomcatWebServer  : Tomcat initialized with port(s): 16666 (http)
2026-03-20 20:21:59.705  INFO 35712 --- [           main] o.apache.catalina.core.StandardService   : Starting service [Tomcat]
2026-03-20 20:21:59.707  INFO 35712 --- [           main] org.apache.catalina.core.StandardEngine  : Starting Servlet engine: [Apache Tomcat/9.0.60]
2026-03-20 20:22:00.487  INFO 35712 --- [           main] o.a.c.c.C.[Tomcat].[localhost].[/]       : Initializing Spring embedded WebApplicationContext
2026-03-20 20:22:00.489  INFO 35712 --- [           main] w.s.c.ServletWebServerApplicationContext : Root WebApplicationContext: initialization completed in 12504 ms
2026-03-20 20:22:00.778  INFO 35712 --- [           main] com.zaxxer.hikari.HikariDataSource       : HikariPool-1 - Starting...
2026-03-20 20:22:02.600  INFO 35712 --- [           main] com.zaxxer.hikari.HikariDataSource       : HikariPool-1 - Start completed.
2026-03-20 20:22:02.730  INFO 35712 --- [           main] o.s.b.a.h2.H2ConsoleAutoConfiguration    : H2 console available at '/h2-console'. Database available at 'jdbc:h2:mem:tradingSystem'
2026-03-20 20:22:03.426 ERROR 35712 --- [           main] c.e.t.e.blockchain.BlockChainMapperImpl  : Init Fabric Contract Failed,src\main\resources\crypto-config\peerOrganizations\org1.example.com\users\User1@org1.example.com\msp\signcerts\cert.pem
java.nio.file.NoSuchFileException: src\main\resources\crypto-config\peerOrganizations\org1.example.com\users\User1@org1.example.com\msp\signcerts\cert.pem
	at java.base/sun.nio.fs.WindowsException.translateToIOException(WindowsException.java:85)
	at java.base/sun.nio.fs.WindowsException.rethrowAsIOException(WindowsException.java:103)
	at java.base/sun.nio.fs.WindowsException.rethrowAsIOException(WindowsException.java:108)
	at java.base/sun.nio.fs.WindowsFileSystemProvider.newByteChannel(WindowsFileSystemProvider.java:234)
	at java.base/java.nio.file.Files.newByteChannel(Files.java:380)
	at java.base/java.nio.file.Files.newByteChannel(Files.java:432)
	at java.base/java.nio.file.spi.FileSystemProvider.newInputStream(FileSystemProvider.java:420)
	at java.base/java.nio.file.Files.newInputStream(Files.java:160)
	at java.base/java.nio.file.Files.newBufferedReader(Files.java:2921)
	at com.example.tradingSystem.entry.blockchain.BlockChainMapperImpl.readX509Certificate(BlockChainMapperImpl.java:85)
	at com.example.tradingSystem.entry.blockchain.BlockChainMapperImpl.<init>(BlockChainMapperImpl.java:58)
	at java.base/jdk.internal.reflect.DirectConstructorHandleAccessor.newInstance(DirectConstructorHandleAccessor.java:62)
	at java.base/java.lang.reflect.Constructor.newInstanceWithCaller(Constructor.java:501)
	at java.base/java.lang.reflect.Constructor.newInstance(Constructor.java:485)
	at org.springframework.beans.BeanUtils.instantiateClass(BeanUtils.java:211)
	at org.springframework.beans.factory.support.SimpleInstantiationStrategy.instantiate(SimpleInstantiationStrategy.java:87)
	at org.springframework.beans.factory.support.AbstractAutowireCapableBeanFactory.instantiateBean(AbstractAutowireCapableBeanFactory.java:1326)
	at org.springframework.beans.factory.support.AbstractAutowireCapableBeanFactory.createBeanInstance(AbstractAutowireCapableBeanFactory.java:1232)
	at org.springframework.beans.factory.support.AbstractAutowireCapableBeanFactory.doCreateBean(AbstractAutowireCapableBeanFactory.java:582)
	at org.springframework.beans.factory.support.AbstractAutowireCapableBeanFactory.createBean(AbstractAutowireCapableBeanFactory.java:542)
	at org.springframework.beans.factory.support.AbstractBeanFactory.lambda$doGetBean$0(AbstractBeanFactory.java:335)
	at org.springframework.beans.factory.support.DefaultSingletonBeanRegistry.getSingleton(DefaultSingletonBeanRegistry.java:234)
	at org.springframework.beans.factory.support.AbstractBeanFactory.doGetBean(AbstractBeanFactory.java:333)
	at org.springframework.beans.factory.support.AbstractBeanFactory.getBean(AbstractBeanFactory.java:208)
	at org.springframework.beans.factory.support.DefaultListableBeanFactory.preInstantiateSingletons(DefaultListableBeanFactory.java:953)
	at org.springframework.context.support.AbstractApplicationContext.finishBeanFactoryInitialization(AbstractApplicationContext.java:918)
	at org.springframework.context.support.AbstractApplicationContext.refresh(AbstractApplicationContext.java:583)
	at org.springframework.boot.web.servlet.context.ServletWebServerApplicationContext.refresh(ServletWebServerApplicationContext.java:145)
	at org.springframework.boot.SpringApplication.refresh(SpringApplication.java:740)
	at org.springframework.boot.SpringApplication.refreshContext(SpringApplication.java:415)
	at org.springframework.boot.SpringApplication.run(SpringApplication.java:303)
	at org.springframework.boot.SpringApplication.run(SpringApplication.java:1312)
	at org.springframework.boot.SpringApplication.run(SpringApplication.java:1301)
	at com.example.tradingSystem.TradingSystemApplication.main(TradingSystemApplication.java:17)
	at java.base/jdk.internal.reflect.DirectMethodHandleAccessor.invoke(DirectMethodHandleAccessor.java:103)
	at java.base/java.lang.reflect.Method.invoke(Method.java:580)
	at org.springframework.boot.loader.MainMethodRunner.run(MainMethodRunner.java:49)
	at org.springframework.boot.loader.Launcher.launch(Launcher.java:108)
	at org.springframework.boot.loader.Launcher.launch(Launcher.java:58)
	at org.springframework.boot.loader.JarLauncher.main(JarLauncher.java:88)
2026-03-20 20:22:09.993  INFO 35712 --- [           main] o.s.b.w.embedded.tomcat.TomcatWebServer  : Tomcat started on port(s): 16666 (http) with context path ''
2026-03-20 20:22:10.108  INFO 35712 --- [           main] c.e.t.TradingSystemApplication           : Started TradingSystemApplication in 27.09 seconds (JVM running for 33.136)
2026-03-20 20:25:31.199  INFO 35712 --- [io-16666-exec-1] o.a.c.c.C.[Tomcat].[localhost].[/]       : Initializing Spring DispatcherServlet 'dispatcherServlet'
2026-03-20 20:25:31.200  INFO 35712 --- [io-16666-exec-1] o.s.web.servlet.DispatcherServlet        : Initializing Servlet 'dispatcherServlet'
2026-03-20 20:25:31.206  INFO 35712 --- [io-16666-exec-1] o.s.web.servlet.DispatcherServlet        : Completed initialization in 6 ms
get in preHandle
get tokenŁșeyJ0eXAiOiJKV1QiLCJhbGciOiJIUzI1NiJ9.eyJhdWQiOiIyIiwiZXhwIjoxNzczNzk1OTUxLCJpbmZvIjoiMiJ9.D8F3psIzXIndaGknyCtj5f7CNLhkZBYXWlkjP5yL8rs
2026-03-20 20:25:50.515  INFO 35712 --- [io-16666-exec-4] c.e.t.web.controller.UserController      : [REGISTER]Begin to register.
2026-03-20 20:25:51.397  INFO 35712 --- [io-16666-exec-5] c.e.t.web.controller.UserController      : [REGISTER]Begin to register.
2026-03-20 20:25:57.318  INFO 35712 --- [io-16666-exec-7] c.e.t.web.controller.UserController      : [LOGIN]Begin to login
2026-03-20 20:25:57.343  INFO 35712 --- [io-16666-exec-7] c.e.t.web.controller.UserController      : user[1]password
2026-03-20 20:25:57.846  INFO 35712 --- [io-16666-exec-7] c.e.t.web.controller.UserController      : [LOGIN]Login succeed.
get in preHandle
get tokenŁșeyJ0eXAiOiJKV1QiLCJhbGciOiJIUzI1NiJ9.eyJhdWQiOiIxIiwiZXhwIjoxNzc0MDEzMTU3LCJpbmZvIjoiMSJ9.ZCEr0nSnAEHLaQVpNx8S7sVUouD0r8DnP-wYE-FJ_XA
id : 1
2026-03-20 20:25:57.944  INFO 35712 --- [io-16666-exec-9] c.e.t.web.controller.UserController      : [GETUSERINFO]Begin to get User Info
2026-03-20 20:25:57.950  INFO 35712 --- [io-16666-exec-9] c.e.t.web.controller.UserController      : token iseyJ0eXAiOiJKV1QiLCJhbGciOiJIUzI1NiJ9.eyJhdWQiOiIxIiwiZXhwIjoxNzc0MDEzMTU3LCJpbmZvIjoiMSJ9.ZCEr0nSnAEHLaQVpNx8S7sVUouD0r8DnP-wYE-FJ_XA
2026-03-20 20:25:57.956  INFO 35712 --- [io-16666-exec-9] c.e.t.web.controller.UserController      : account :1 role is 3
get in preHandle
get tokenŁșeyJ0eXAiOiJKV1QiLCJhbGciOiJIUzI1NiJ9.eyJhdWQiOiIxIiwiZXhwIjoxNzc0MDEzMTU3LCJpbmZvIjoiMSJ9.ZCEr0nSnAEHLaQVpNx8S7sVUouD0r8DnP-wYE-FJ_XA
id : 1
2026-03-20 20:26:00.535  INFO 35712 --- [io-16666-exec-1] c.e.t.web.controller.UserController      : [getCusInfoById]Begin to get Bus Info
get in preHandle
get tokenŁșeyJ0eXAiOiJKV1QiLCJhbGciOiJIUzI1NiJ9.eyJhdWQiOiIxIiwiZXhwIjoxNzc0MDEzMTU3LCJpbmZvIjoiMSJ9.ZCEr0nSnAEHLaQVpNx8S7sVUouD0r8DnP-wYE-FJ_XA
id : 1
2026-03-20 20:26:00.616  INFO 35712 --- [io-16666-exec-3] c.e.t.web.controller.UserController      : [getCusMonthSpentById]getCusMonthSpentById
get in preHandle
get tokenŁșeyJ0eXAiOiJKV1QiLCJhbGciOiJIUzI1NiJ9.eyJhdWQiOiIxIiwiZXhwIjoxNzc0MDEzMTU3LCJpbmZvIjoiMSJ9.ZCEr0nSnAEHLaQVpNx8S7sVUouD0r8DnP-wYE-FJ_XA
id : 1
2026-03-20 20:26:00.705  INFO 35712 --- [io-16666-exec-5] c.e.t.web.controller.UserController      : [getBusAccountList]getBusAccountList begin
get in preHandle
get tokenŁșeyJ0eXAiOiJKV1QiLCJhbGciOiJIUzI1NiJ9.eyJhdWQiOiIxIiwiZXhwIjoxNzc0MDEzMTU3LCJpbmZvIjoiMSJ9.ZCEr0nSnAEHLaQVpNx8S7sVUouD0r8DnP-wYE-FJ_XA
id : 1
2026-03-20 20:27:57.692  INFO 35712 --- [io-16666-exec-9] c.e.t.w.controller.CommodityController   : [getGoodBeBaughtbyCus] Begin and the id is 00001
get in preHandle
get tokenŁșeyJ0eXAiOiJKV1QiLCJhbGciOiJIUzI1NiJ9.eyJhdWQiOiIxIiwiZXhwIjoxNzc0MDEzMTU3LCJpbmZvIjoiMSJ9.ZCEr0nSnAEHLaQVpNx8S7sVUouD0r8DnP-wYE-FJ_XA
id : 1
2026-03-20 20:28:00.335  INFO 35712 --- [io-16666-exec-1] c.e.t.w.controller.CommodityController   : [getAllSaleGoodInfo] begin
get in preHandle
get tokenŁșeyJ0eXAiOiJKV1QiLCJhbGciOiJIUzI1NiJ9.eyJhdWQiOiIxIiwiZXhwIjoxNzc0MDEzMTU3LCJpbmZvIjoiMSJ9.ZCEr0nSnAEHLaQVpNx8S7sVUouD0r8DnP-wYE-FJ_XA
id : 1
2026-03-20 20:28:01.466  INFO 35712 --- [io-16666-exec-2] c.e.t.w.controller.CommodityController   : [getGoodBeBaughtbyCus] Begin and the id is 00001
get in preHandle
get tokenŁșeyJ0eXAiOiJKV1QiLCJhbGciOiJIUzI1NiJ9.eyJhdWQiOiIxIiwiZXhwIjoxNzc0MDEzMTU3LCJpbmZvIjoiMSJ9.ZCEr0nSnAEHLaQVpNx8S7sVUouD0r8DnP-wYE-FJ_XA
id : 1
2026-03-20 20:28:02.036  INFO 35712 --- [io-16666-exec-3] c.e.t.w.controller.CommodityController   : [getAllSaleGoodInfo] begin
get in preHandle
get tokenŁșeyJ0eXAiOiJKV1QiLCJhbGciOiJIUzI1NiJ9.eyJhdWQiOiIxIiwiZXhwIjoxNzc0MDEzMTU3LCJpbmZvIjoiMSJ9.ZCEr0nSnAEHLaQVpNx8S7sVUouD0r8DnP-wYE-FJ_XA
id : 1
2026-03-20 20:28:03.851  INFO 35712 --- [io-16666-exec-4] c.e.t.w.controller.CommodityController   : [getGoodBeBaughtbyCus] Begin and the id is 00001
get in preHandle
get tokenŁșeyJ0eXAiOiJKV1QiLCJhbGciOiJIUzI1NiJ9.eyJhdWQiOiIxIiwiZXhwIjoxNzc0MDEzMTU3LCJpbmZvIjoiMSJ9.ZCEr0nSnAEHLaQVpNx8S7sVUouD0r8DnP-wYE-FJ_XA
id : 1
2026-03-20 20:28:04.525  INFO 35712 --- [io-16666-exec-5] c.e.t.w.controller.CommodityController   : [getAllSaleGoodInfo] begin
get in preHandle
get tokenŁșeyJ0eXAiOiJKV1QiLCJhbGciOiJIUzI1NiJ9.eyJhdWQiOiIxIiwiZXhwIjoxNzc0MDEzMTU3LCJpbmZvIjoiMSJ9.ZCEr0nSnAEHLaQVpNx8S7sVUouD0r8DnP-wYE-FJ_XA
id : 1
2026-03-20 20:28:04.863  INFO 35712 --- [io-16666-exec-6] c.e.t.web.controller.UserController      : [getCusInfoById]Begin to get Bus Info
get in preHandle
get tokenŁșeyJ0eXAiOiJKV1QiLCJhbGciOiJIUzI1NiJ9.eyJhdWQiOiIxIiwiZXhwIjoxNzc0MDEzMTU3LCJpbmZvIjoiMSJ9.ZCEr0nSnAEHLaQVpNx8S7sVUouD0r8DnP-wYE-FJ_XA
id : 1
2026-03-20 20:28:05.019  INFO 35712 --- [io-16666-exec-7] c.e.t.web.controller.UserController      : [getCusMonthSpentById]getCusMonthSpentById
get in preHandle
get tokenŁșeyJ0eXAiOiJKV1QiLCJhbGciOiJIUzI1NiJ9.eyJhdWQiOiIxIiwiZXhwIjoxNzc0MDEzMTU3LCJpbmZvIjoiMSJ9.ZCEr0nSnAEHLaQVpNx8S7sVUouD0r8DnP-wYE-FJ_XA
id : 1
2026-03-20 20:28:05.108  INFO 35712 --- [io-16666-exec-8] c.e.t.web.controller.UserController      : [getBusAccountList]getBusAccountList begin
^C